c:\users\zlzlf\onedrive\문서\github\brain_stimulation_algorithm\algorithms\x64\debug\vc142.pdb
c:\users\zlzlf\onedrive\문서\github\brain_stimulation_algorithm\algorithms\x64\debug\vc142.idb
d:\7. github desktop\1. brain stimulation algorithm\algorithms\x64\debug\vc142.pdb
d:\7. github desktop\1. brain stimulation algorithm\algorithms\x64\debug\vc142.idb
d:\7. github desktop\1. brain stimulation algorithm\algorithms\x64\debug\circularqueue.obj
d:\7. github desktop\1. brain stimulation algorithm\algorithms\x64\debug\linkedqueue.obj
d:\7. github desktop\1. brain stimulation algorithm\algorithms\x64\debug\test_graphtraversal.obj
d:\7. github desktop\1. brain stimulation algorithm\algorithms\x64\debug\graphtraversal.obj
d:\7. github desktop\1. brain stimulation algorithm\algorithms\x64\debug\graph.obj
d:\7. github desktop\1. brain stimulation algorithm\algorithms\x64\debug\topologicalsort.obj
d:\7. github desktop\1. brain stimulation algorithm\algorithms\x64\debug\test_topologicalsort.obj
d:\7. github desktop\1. brain stimulation algorithm\algorithms\x64\debug\linkedlist.obj
d:\7. github desktop\1. brain stimulation algorithm\algorithms\x64\debug\test_mst.obj
d:\7. github desktop\1. brain stimulation algorithm\algorithms\x64\debug\mst.obj
d:\7. github desktop\1. brain stimulation algorithm\algorithms\x64\debug\test.obj
d:\7. github desktop\1. brain stimulation algorithm\algorithms\x64\debug\priorityqueue.obj
d:\7. github desktop\1. brain stimulation algorithm\algorithms\x64\debug\disjointset.obj
d:\7. github desktop\1. brain stimulation algorithm\algorithms\x64\debug\test_shortestpath.obj
d:\7. github desktop\1. brain stimulation algorithm\algorithms\x64\debug\shortestpath.obj
d:\7. github desktop\1. brain stimulation algorithm\x64\debug\algorithms.exe
d:\7. github desktop\1. brain stimulation algorithm\algorithms\x64\debug\algorithms.ilk
d:\7. github desktop\1. brain stimulation algorithm\x64\debug\algorithms.pdb
c:\users\zlzlf\onedrive\문서\github\brain_stimulation_algorithm\algorithms\x64\debug\arraystack.obj
c:\users\zlzlf\onedrive\문서\github\brain_stimulation_algorithm\algorithms\x64\debug\binarysearch.obj
c:\users\zlzlf\onedrive\문서\github\brain_stimulation_algorithm\algorithms\x64\debug\binarysearch2.obj
c:\users\zlzlf\onedrive\문서\github\brain_stimulation_algorithm\algorithms\x64\debug\binarysearchtree.obj
c:\users\zlzlf\onedrive\문서\github\brain_stimulation_algorithm\algorithms\x64\debug\binarytree.obj
c:\users\zlzlf\onedrive\문서\github\brain_stimulation_algorithm\algorithms\x64\debug\bubblesort.obj
c:\users\zlzlf\onedrive\문서\github\brain_stimulation_algorithm\algorithms\x64\debug\calculator.obj
c:\users\zlzlf\onedrive\문서\github\brain_stimulation_algorithm\algorithms\x64\debug\chaining.obj
c:\users\zlzlf\onedrive\문서\github\brain_stimulation_algorithm\algorithms\x64\debug\circulardoublylinkedlist.obj
c:\users\zlzlf\onedrive\문서\github\brain_stimulation_algorithm\algorithms\x64\debug\circularqueue.obj
c:\users\zlzlf\onedrive\문서\github\brain_stimulation_algorithm\algorithms\x64\debug\disjointset.obj
c:\users\zlzlf\onedrive\문서\github\brain_stimulation_algorithm\algorithms\x64\debug\doublylinkedlist.obj
c:\users\zlzlf\onedrive\문서\github\brain_stimulation_algorithm\algorithms\x64\debug\expressiontree.obj
c:\users\zlzlf\onedrive\문서\github\brain_stimulation_algorithm\algorithms\x64\debug\graph.obj
c:\users\zlzlf\onedrive\문서\github\brain_stimulation_algorithm\algorithms\x64\debug\graphtraversal.obj
c:\users\zlzlf\onedrive\문서\github\brain_stimulation_algorithm\algorithms\x64\debug\heap.obj
c:\users\zlzlf\onedrive\문서\github\brain_stimulation_algorithm\algorithms\x64\debug\insesrtionsort.obj
c:\users\zlzlf\onedrive\문서\github\brain_stimulation_algorithm\algorithms\x64\debug\lcrstree.obj
c:\users\zlzlf\onedrive\문서\github\brain_stimulation_algorithm\algorithms\x64\debug\linkedlist.obj
c:\users\zlzlf\onedrive\문서\github\brain_stimulation_algorithm\algorithms\x64\debug\linkedliststack.obj
c:\users\zlzlf\onedrive\문서\github\brain_stimulation_algorithm\algorithms\x64\debug\linkedqueue.obj
c:\users\zlzlf\onedrive\문서\github\brain_stimulation_algorithm\algorithms\x64\debug\mst.obj
c:\users\zlzlf\onedrive\문서\github\brain_stimulation_algorithm\algorithms\x64\debug\openaddressing.obj
c:\users\zlzlf\onedrive\문서\github\brain_stimulation_algorithm\algorithms\x64\debug\priorityqueue.obj
c:\users\zlzlf\onedrive\문서\github\brain_stimulation_algorithm\algorithms\x64\debug\quicksort.obj
c:\users\zlzlf\onedrive\문서\github\brain_stimulation_algorithm\algorithms\x64\debug\quicksort2.obj
c:\users\zlzlf\onedrive\문서\github\brain_stimulation_algorithm\algorithms\x64\debug\redblacktree.obj
c:\users\zlzlf\onedrive\문서\github\brain_stimulation_algorithm\algorithms\x64\debug\shortestpath.obj
c:\users\zlzlf\onedrive\문서\github\brain_stimulation_algorithm\algorithms\x64\debug\simplehashtable.obj
c:\users\zlzlf\onedrive\문서\github\brain_stimulation_algorithm\algorithms\x64\debug\test.graph.obj
c:\users\zlzlf\onedrive\문서\github\brain_stimulation_algorithm\algorithms\x64\debug\test.obj
c:\users\zlzlf\onedrive\문서\github\brain_stimulation_algorithm\algorithms\x64\debug\test_arraystack.obj
c:\users\zlzlf\onedrive\문서\github\brain_stimulation_algorithm\algorithms\x64\debug\test_binarysearchtree.obj
c:\users\zlzlf\onedrive\문서\github\brain_stimulation_algorithm\algorithms\x64\debug\test_binarytree.obj
c:\users\zlzlf\onedrive\문서\github\brain_stimulation_algorithm\algorithms\x64\debug\test_calculator.obj
c:\users\zlzlf\onedrive\문서\github\brain_stimulation_algorithm\algorithms\x64\debug\test_chaining.obj
c:\users\zlzlf\onedrive\문서\github\brain_stimulation_algorithm\algorithms\x64\debug\test_circulardoublylinkedlist.obj
c:\users\zlzlf\onedrive\문서\github\brain_stimulation_algorithm\algorithms\x64\debug\test_circularqueue.obj
c:\users\zlzlf\onedrive\문서\github\brain_stimulation_algorithm\algorithms\x64\debug\test_disjointset.obj
c:\users\zlzlf\onedrive\문서\github\brain_stimulation_algorithm\algorithms\x64\debug\test_doublylinkedlist.obj
c:\users\zlzlf\onedrive\문서\github\brain_stimulation_algorithm\algorithms\x64\debug\test_expressiontree.obj
c:\users\zlzlf\onedrive\문서\github\brain_stimulation_algorithm\algorithms\x64\debug\test_graphtraversal.obj
c:\users\zlzlf\onedrive\문서\github\brain_stimulation_algorithm\algorithms\x64\debug\test_heap.obj
c:\users\zlzlf\onedrive\문서\github\brain_stimulation_algorithm\algorithms\x64\debug\test_lcrstree.obj
c:\users\zlzlf\onedrive\문서\github\brain_stimulation_algorithm\algorithms\x64\debug\test_linkedlist.obj
c:\users\zlzlf\onedrive\문서\github\brain_stimulation_algorithm\algorithms\x64\debug\test_linkedliststack.obj
c:\users\zlzlf\onedrive\문서\github\brain_stimulation_algorithm\algorithms\x64\debug\test_linkedqueue.obj
c:\users\zlzlf\onedrive\문서\github\brain_stimulation_algorithm\algorithms\x64\debug\test_mst.obj
c:\users\zlzlf\onedrive\문서\github\brain_stimulation_algorithm\algorithms\x64\debug\test_openaddressing.obj
c:\users\zlzlf\onedrive\문서\github\brain_stimulation_algorithm\algorithms\x64\debug\test_priorityqueue.obj
c:\users\zlzlf\onedrive\문서\github\brain_stimulation_algorithm\algorithms\x64\debug\test_redblacktree.obj
c:\users\zlzlf\onedrive\문서\github\brain_stimulation_algorithm\algorithms\x64\debug\test_shortestpath.obj
c:\users\zlzlf\onedrive\문서\github\brain_stimulation_algorithm\algorithms\x64\debug\test_simplehashtable.obj
c:\users\zlzlf\onedrive\문서\github\brain_stimulation_algorithm\algorithms\x64\debug\test_topologicalsort.obj
c:\users\zlzlf\onedrive\문서\github\brain_stimulation_algorithm\algorithms\x64\debug\topologicalsort.obj
c:\users\zlzlf\onedrive\문서\github\brain_stimulation_algorithm\algorithms\x64\debug\algorithms.ilk
c:\users\zlzlf\onedrive\문서\github\brain_stimulation_algorithm\x64\debug\algorithms.pdb
c:\users\zlzlf\onedrive\문서\github\brain_stimulation_algorithm\x64\debug\algorithms.exe
c:\users\zlzlf\onedrive\문서\github\brain_stimulation_algorithm\x64\debug\algorithms.ilk
c:\users\zlzlf\onedrive\문서\github\brain_stimulation_algorithm\algorithms\x64\debug\algorithms.tlog\cl.command.1.tlog
c:\users\zlzlf\onedrive\문서\github\brain_stimulation_algorithm\algorithms\x64\debug\algorithms.tlog\cl.read.1.tlog
c:\users\zlzlf\onedrive\문서\github\brain_stimulation_algorithm\algorithms\x64\debug\algorithms.tlog\cl.write.1.tlog
c:\users\zlzlf\onedrive\문서\github\brain_stimulation_algorithm\algorithms\x64\debug\algorithms.tlog\link.command.1.tlog
c:\users\zlzlf\onedrive\문서\github\brain_stimulation_algorithm\algorithms\x64\debug\algorithms.tlog\link.delete.1.tlog
c:\users\zlzlf\onedrive\문서\github\brain_stimulation_algorithm\algorithms\x64\debug\algorithms.tlog\link.read.1.tlog
c:\users\zlzlf\onedrive\문서\github\brain_stimulation_algorithm\algorithms\x64\debug\algorithms.tlog\link.write.1.tlog
